<?xml version="1.0" encoding="UTF-8"?>
<!-- Generated by org.testng.reporters.JUnitReportReporter -->
<testsuite hostname="SML-0687" name="com.crm.qa.testcases.ContactPageTest" tests="11" failures="0" timestamp="17 Apr 2018 11:40:13 GMT" time="232.304" errors="0">
  <testcase name="validateCreateNewContactTest" time="24.194" classname="com.crm.qa.testcases.ContactPageTest"/>
  <testcase name="verifyNewContactAddedTest" time="20.692" classname="com.crm.qa.testcases.ContactPageTest"/>
  <testcase name="verifyNewContactAddedTest" time="21.592" classname="com.crm.qa.testcases.ContactPageTest"/>
  <testcase name="selectMultipleContactTest" time="19.135" classname="com.crm.qa.testcases.ContactPageTest"/>
  <testcase name="validateCreateNewContactTest" time="21.969" classname="com.crm.qa.testcases.ContactPageTest"/>
  <testcase name="selectSingleContactTest" time="19.477" classname="com.crm.qa.testcases.ContactPageTest"/>
  <testcase name="verifyNewContactAddedTest" time="20.660" classname="com.crm.qa.testcases.ContactPageTest"/>
  <testcase name="contaclLabelTest" time="19.561" classname="com.crm.qa.testcases.ContactPageTest"/>
  <testcase name="verifyNewContactAddedTest" time="20.691" classname="com.crm.qa.testcases.ContactPageTest"/>
  <testcase name="validateCreateNewContactTest" time="21.847" classname="com.crm.qa.testcases.ContactPageTest"/>
  <testcase name="validateCreateNewContactTest" time="22.486" classname="com.crm.qa.testcases.ContactPageTest"/>
</testsuite> <!-- com.crm.qa.testcases.ContactPageTest -->
