<?xml version="1.0" encoding="UTF-8"?>
<!-- Generated by org.testng.reporters.JUnitReportReporter -->
<testsuite hostname="SML-0687" name="com.crm.qa.testcases.HomePageTest" tests="4" failures="0" timestamp="13 Apr 2018 05:51:29 GMT" time="70.696" errors="0">
  <testcase name="verifyHomePageTitleTest" time="16.675" classname="com.crm.qa.testcases.HomePageTest"/>
  <testcase name="verifyContactlinkTest" time="19.052" classname="com.crm.qa.testcases.HomePageTest"/>
  <testcase name="verifyDealslinkTest" time="17.132" classname="com.crm.qa.testcases.HomePageTest"/>
  <testcase name="verifyUserLabelTest" time="17.837" classname="com.crm.qa.testcases.HomePageTest"/>
</testsuite> <!-- com.crm.qa.testcases.HomePageTest -->
