<?xml version="1.0" encoding="UTF-8"?>
<!-- Generated by org.testng.reporters.JUnitReportReporter -->
<testsuite hostname="SML-0687" name="com.crm.qa.testcases.LoginPageTest" tests="3" failures="0" timestamp="13 Apr 2018 05:51:29 GMT" time="40.229" errors="0">
  <testcase name="VerifyLoginPageTitle" time="16.351" classname="com.crm.qa.testcases.LoginPageTest"/>
  <testcase name="Login" time="14.058" classname="com.crm.qa.testcases.LoginPageTest"/>
  <testcase name="VerifyCRMLogo" time="9.820" classname="com.crm.qa.testcases.LoginPageTest"/>
</testsuite> <!-- com.crm.qa.testcases.LoginPageTest -->
