<?xml version="1.0" encoding="UTF-8"?>
<!-- Generated by org.testng.reporters.JUnitReportReporter -->
<testsuite hostname="SML-0687" name="com.crm.qa.testdata.LoginPageTest" tests="3" failures="0" timestamp="12 Apr 2018 10:53:35 GMT" time="30.992" errors="0">
  <testcase name="VerifyLoginPageTitle" time="9.646" classname="com.crm.qa.testdata.LoginPageTest"/>
  <testcase name="VerifyCRMLogo" time="9.155" classname="com.crm.qa.testdata.LoginPageTest"/>
  <testcase name="Login" time="12.191" classname="com.crm.qa.testdata.LoginPageTest"/>
</testsuite> <!-- com.crm.qa.testdata.LoginPageTest -->
